<?xml version="1.0" encoding="UTF-8"?>
<robot generator="Robot 7.3.1 (Python 3.12.2 on win32)" generated="2025-06-23T18:07:31.663844" rpa="false" schemaversion="5">
<suite id="s1" name="Tests" source="C:\Users\916824\PycharmProjects\python-robot-framework\tests">
<suite id="s1-s1" name="TestDemo1" source="C:\Users\916824\PycharmProjects\python-robot-framework\tests\TestDemo1.robot">
<test id="s1-s1-t1" name="Validate UnSuccessful login" line="10">
<kw name="open the browser with the automation practice page url">
<kw name="Create Webdriver" owner="SeleniumLibrary">
<msg time="2025-06-23T18:07:39.137703" level="INFO">Creating an instance of the Chrome WebDriver.</msg>
<arg>Chrome</arg>
<doc>Creates an instance of Selenium WebDriver.</doc>
<status status="PASS" start="2025-06-23T18:07:39.136702" elapsed="16.619605"/>
</kw>
<kw name="Go To" owner="SeleniumLibrary">
<msg time="2025-06-23T18:07:56.041172" level="INFO">Opening url 'https://rahulshettyacademy.com/loginpagePractise/'</msg>
<arg>https://rahulshettyacademy.com/loginpagePractise/</arg>
<doc>Navigates the current browser window to the provided ``url``.</doc>
<status status="PASS" start="2025-06-23T18:07:55.757328" elapsed="9.288351"/>
</kw>
<status status="PASS" start="2025-06-23T18:07:39.134697" elapsed="25.910982"/>
</kw>
<kw name="fill the login form">
<kw name="Input Text" owner="SeleniumLibrary">
<msg time="2025-06-23T18:08:05.049673" level="INFO">Typing text 'testuser' into text field 'id:username'.</msg>
<arg>id:username</arg>
<arg>testuser</arg>
<doc>Types the given ``text`` into the text field identified by ``locator``.</doc>
<status status="PASS" start="2025-06-23T18:08:05.047668" elapsed="1.023147"/>
</kw>
<kw name="Input Password" owner="SeleniumLibrary">
<msg time="2025-06-23T18:08:06.088368" level="INFO">Typing password into text field 'id:password'.</msg>
<msg time="2025-06-23T18:08:06.292422" level="INFO">Temporally setting log level to: NONE</msg>
<arg>id:password</arg>
<arg>test123</arg>
<doc>Types the given password into the text field identified by ``locator``.</doc>
<status status="PASS" start="2025-06-23T18:08:06.070815" elapsed="0.407214"/>
</kw>
<kw name="Click Button" owner="SeleniumLibrary">
<msg time="2025-06-23T18:08:06.480038" level="INFO">Clicking button 'signInBtn'.</msg>
<arg>signInBtn</arg>
<doc>Clicks the button identified by ``locator``.</doc>
<status status="PASS" start="2025-06-23T18:08:06.479038" elapsed="0.503946"/>
</kw>
<status status="PASS" start="2025-06-23T18:08:05.045679" elapsed="1.937305"/>
</kw>
<kw name="wait until it checks and displays error message">
<kw name="Wait Until Element Is Visible" owner="SeleniumLibrary">
<arg>${alert}</arg>
<doc>Waits until the element ``locator`` is visible.</doc>
<status status="PASS" start="2025-06-23T18:08:06.989583" elapsed="2.219283"/>
</kw>
<status status="PASS" start="2025-06-23T18:08:06.983979" elapsed="2.224887"/>
</kw>
<kw name="verify error message is correct">
<kw name="Element Text Should Be" owner="SeleniumLibrary">
<msg time="2025-06-23T18:08:09.208866" level="INFO">Verifying element 'css:.alert-danger' contains exact text 'Incorrect username/password.'.</msg>
<arg>${alert}</arg>
<arg>Incorrect username/password.</arg>
<doc>Verifies that element ``locator`` contains exact the text ``expected``.</doc>
<status status="PASS" start="2025-06-23T18:08:09.208866" elapsed="0.222260"/>
</kw>
<status status="PASS" start="2025-06-23T18:08:09.208866" elapsed="0.222260"/>
</kw>
<kw name="Close Browser" owner="SeleniumLibrary" type="TEARDOWN">
<doc>Closes the current browser.</doc>
<status status="PASS" start="2025-06-23T18:08:09.432119" elapsed="5.171670"/>
</kw>
<tag>SMOKE</tag>
<status status="PASS" start="2025-06-23T18:07:39.132699" elapsed="35.472104"/>
</test>
<doc>To validate the login form</doc>
<status status="PASS" start="2025-06-23T18:07:31.915094" elapsed="42.690703"/>
</suite>
<status status="PASS" start="2025-06-23T18:07:31.850794" elapsed="42.757001"/>
</suite>
<statistics>
<total>
<stat pass="1" fail="0" skip="0">All Tests</stat>
</total>
<tag>
<stat pass="1" fail="0" skip="0">SMOKE</stat>
</tag>
<suite>
<stat name="Tests" id="s1" pass="1" fail="0" skip="0">Tests</stat>
<stat name="TestDemo1" id="s1-s1" pass="1" fail="0" skip="0">Tests.TestDemo1</stat>
</suite>
</statistics>
<errors>
</errors>
</robot>
