<?xml version="1.0" encoding="UTF-8"?>
<robot generator="Robot 7.3.1 (Python 3.12.2 on win32)" generated="2025-07-22T20:05:23.966310" rpa="false" schemaversion="5">
<suite id="s1" name="TestDemo6" source="C:\Users\916824\PycharmProjects\python-robot-framework\tests\TestDemo6.robot">
<test id="s1-t1" name="Play around dictionary" line="11">
<kw name="Create Dictionary" owner="BuiltIn">
<msg time="2025-07-22T20:05:25.599321" level="INFO">&amp;{data} = { name=Srinivas | course=RobotFramework | platform=Udemy }</msg>
<var>&amp;{data}</var>
<arg>name=Srinivas</arg>
<arg>course=RobotFramework</arg>
<arg>platform=Udemy</arg>
<doc>Creates and returns a dictionary based on the given ``items``.</doc>
<status status="PASS" start="2025-07-22T20:05:25.599321" elapsed="0.000000"/>
</kw>
<kw name="Log" owner="BuiltIn">
<msg time="2025-07-22T20:05:25.599321" level="INFO">{'name': 'Srinivas', 'course': 'RobotFramework', 'platform': 'Udemy'}</msg>
<arg>${data}</arg>
<doc>Logs the given message with the given level.</doc>
<status status="PASS" start="2025-07-22T20:05:25.599321" elapsed="0.000000"/>
</kw>
<kw name="Dictionary Should Contain Key" owner="Collections">
<arg>${data}</arg>
<arg>name</arg>
<doc>Fails if ``key`` is not found from ``dictionary``.</doc>
<status status="PASS" start="2025-07-22T20:05:25.599321" elapsed="0.000000"/>
</kw>
<kw name="Log" owner="BuiltIn">
<msg time="2025-07-22T20:05:25.599321" level="INFO">Srinivas</msg>
<arg>${data}[name]</arg>
<doc>Logs the given message with the given level.</doc>
<status status="PASS" start="2025-07-22T20:05:25.599321" elapsed="0.000000"/>
</kw>
<kw name="Get From Dictionary" owner="Collections">
<msg time="2025-07-22T20:05:25.599321" level="INFO">${courseName} = RobotFramework</msg>
<var>${courseName}</var>
<arg>${data}</arg>
<arg>course</arg>
<doc>Returns a value from the given ``dictionary`` based on the given ``key``.</doc>
<status status="PASS" start="2025-07-22T20:05:25.599321" elapsed="0.000000"/>
</kw>
<kw name="Log" owner="BuiltIn">
<msg time="2025-07-22T20:05:25.599321" level="INFO">RobotFramework</msg>
<arg>${courseName}</arg>
<doc>Logs the given message with the given level.</doc>
<status status="PASS" start="2025-07-22T20:05:25.599321" elapsed="0.000000"/>
</kw>
<status status="PASS" start="2025-07-22T20:05:25.599321" elapsed="0.000000"/>
</test>
<test id="s1-t2" name="Add book into library database" line="22">
<kw name="Create Dictionary" owner="BuiltIn">
<msg time="2025-07-22T20:05:25.599321" level="INFO">&amp;{req_body} = { name=RobotFramework | isbn=121221 | aisle=12334567 | author=Srinivas }</msg>
<var>&amp;{req_body}</var>
<arg>name=${book_name}</arg>
<arg>isbn=121221</arg>
<arg>aisle=12334567</arg>
<arg>author=Srinivas</arg>
<doc>Creates and returns a dictionary based on the given ``items``.</doc>
<status status="PASS" start="2025-07-22T20:05:25.599321" elapsed="0.000000"/>
</kw>
<kw name="POST" owner="RequestsLibrary">
<msg time="2025-07-22T20:05:25.961625" level="INFO">POST Request : url=https://rahulshettyacademy.com/Library/Addbook.php 
 path_url=/Library/Addbook.php 
 headers={'User-Agent': 'python-requests/2.32.4', 'Accept-Encoding': 'gzip, deflate', 'Accept': '*/*', 'Connection': 'keep-alive', 'Content-Length': '87', 'Content-Type': 'application/json'} 
 body=b'{"name": "RobotFramework", "isbn": "121221", "aisle": "12334567", "author": "Srinivas"}' 
 </msg>
<msg time="2025-07-22T20:05:25.961625" level="INFO">POST Response : url=https://rahulshettyacademy.com/Library/Addbook.php 
 status=200, reason=OK 
 headers={'Date': 'Tue, 22 Jul 2025 14:35:25 GMT', 'Server': 'Apache/2.4.52 (Ubuntu)', 'Access-Control-Allow-Origin': '*', 'Access-Control-Allow-Methods': 'POST', 'Access-Control-Max-Age': '3600', 'Access-Control-Allow-Headers': 'Content-Type, Access-Control-Allow-Headers, Authorization, X-Requested-With', 'Content-Length': '50', 'Keep-Alive': 'timeout=5, max=100', 'Connection': 'Keep-Alive', 'Content-Type': 'application/json;charset=UTF-8'} 
 body={"Msg":"successfully added","ID":"12122112334567"} 
 </msg>
<msg time="2025-07-22T20:05:25.961625" level="INFO">${response} = &lt;Response [200]&gt;</msg>
<var>${response}</var>
<arg>${base_url}/Library/Addbook.php</arg>
<arg>json=${req_body}</arg>
<arg>expected_status=200</arg>
<doc>Sends a POST request.</doc>
<status status="PASS" start="2025-07-22T20:05:25.599321" elapsed="0.362304"/>
</kw>
<kw name="Log" owner="BuiltIn">
<msg time="2025-07-22T20:05:25.961625" level="INFO">{'Msg': 'successfully added', 'ID': '12122112334567'}</msg>
<arg>${response.json()}</arg>
<doc>Logs the given message with the given level.</doc>
<status status="PASS" start="2025-07-22T20:05:25.961625" elapsed="0.000000"/>
</kw>
<kw name="Dictionary Should Contain Key" owner="Collections">
<arg>${response.json()}</arg>
<arg>ID</arg>
<doc>Fails if ``key`` is not found from ``dictionary``.</doc>
<status status="PASS" start="2025-07-22T20:05:25.961625" elapsed="0.014523"/>
</kw>
<kw name="Get From Dictionary" owner="Collections">
<msg time="2025-07-22T20:05:25.976148" level="INFO">${book_id} = 12122112334567</msg>
<var>${book_id}</var>
<arg>${response.json()}</arg>
<arg>ID</arg>
<doc>Returns a value from the given ``dictionary`` based on the given ``key``.</doc>
<status status="PASS" start="2025-07-22T20:05:25.976148" elapsed="0.000000"/>
</kw>
<kw name="Set Global Variable" owner="BuiltIn">
<msg time="2025-07-22T20:05:25.976148" level="INFO">${book_id} = 12122112334567</msg>
<arg>${book_id}</arg>
<doc>Makes a variable available globally in all tests and suites.</doc>
<status status="PASS" start="2025-07-22T20:05:25.976148" elapsed="0.000000"/>
</kw>
<kw name="Log" owner="BuiltIn">
<msg time="2025-07-22T20:05:25.976148" level="INFO">12122112334567</msg>
<arg>${book_id}</arg>
<doc>Logs the given message with the given level.</doc>
<status status="PASS" start="2025-07-22T20:05:25.976148" elapsed="0.000000"/>
</kw>
<kw name="Should Be Equal As Strings" owner="BuiltIn">
<arg>successfully added</arg>
<arg>${response.json()}[Msg]</arg>
<doc>Fails if objects are unequal after converting them to strings.</doc>
<status status="PASS" start="2025-07-22T20:05:25.976148" elapsed="0.000000"/>
</kw>
<kw name="Status Should Be" owner="RequestsLibrary">
<arg>200</arg>
<arg>${response}</arg>
<doc>Fails if response status code is different than the expected.</doc>
<status status="PASS" start="2025-07-22T20:05:25.976148" elapsed="0.000000"/>
</kw>
<status status="PASS" start="2025-07-22T20:05:25.599321" elapsed="0.376827"/>
</test>
<test id="s1-t3" name="Get book details which got added" line="35">
<kw name="GET" owner="RequestsLibrary">
<msg time="2025-07-22T20:05:26.196841" level="INFO">GET Request : url=https://rahulshettyacademy.com/Library/GetBook.php?ID=12122112334567 
 path_url=/Library/GetBook.php?ID=12122112334567 
 headers={'User-Agent': 'python-requests/2.32.4', 'Accept-Encoding': 'gzip, deflate', 'Accept': '*/*', 'Connection': 'keep-alive'} 
 body=None 
 </msg>
<msg time="2025-07-22T20:05:26.196841" level="INFO">GET Response : url=https://rahulshettyacademy.com/Library/GetBook.php?ID=12122112334567 
 status=200, reason=OK 
 headers={'Date': 'Tue, 22 Jul 2025 14:35:25 GMT', 'Server': 'Apache/2.4.52 (Ubuntu)', 'Access-Control-Allow-Origin': '*', 'Access-Control-Allow-Methods': 'POST', 'Access-Control-Max-Age': '3600', 'Access-Control-Allow-Headers': 'Content-Type, Access-Control-Allow-Headers, Authorization, X-Requested-With', 'Content-Length': '87', 'Keep-Alive': 'timeout=5, max=100', 'Connection': 'Keep-Alive', 'Content-Type': 'application/json;charset=UTF-8'} 
 body=[{"book_name":"RobotFramework","isbn":"121221","aisle":"12334567","author":"Srinivas"}] 
 </msg>
<msg time="2025-07-22T20:05:26.196841" level="INFO">${get_response} = &lt;Response [200]&gt;</msg>
<var>${get_response}</var>
<arg>${base_url}/Library/GetBook.php</arg>
<arg>params=ID=${book_id}</arg>
<arg>expected_status=200</arg>
<doc>Sends a GET request.</doc>
<status status="PASS" start="2025-07-22T20:05:25.976148" elapsed="0.220693"/>
</kw>
<kw name="Log" owner="BuiltIn">
<msg time="2025-07-22T20:05:26.196841" level="INFO">[{'book_name': 'RobotFramework', 'isbn': '121221', 'aisle': '12334567', 'author': 'Srinivas'}]</msg>
<arg>${get_response.json()}</arg>
<doc>Logs the given message with the given level.</doc>
<status status="PASS" start="2025-07-22T20:05:26.196841" elapsed="0.000000"/>
</kw>
<kw name="Should Be Equal As Strings" owner="BuiltIn">
<arg>${book_name}</arg>
<arg>${get_response.json()}[0][book_name]</arg>
<doc>Fails if objects are unequal after converting them to strings.</doc>
<status status="PASS" start="2025-07-22T20:05:26.196841" elapsed="0.000000"/>
</kw>
<status status="PASS" start="2025-07-22T20:05:25.976148" elapsed="0.220693"/>
</test>
<test id="s1-t4" name="Delete the book from database" line="44">
<kw name="Create Dictionary" owner="BuiltIn">
<msg time="2025-07-22T20:05:26.210974" level="INFO">&amp;{delete_req} = { ID=12122112334567 }</msg>
<var>&amp;{delete_req}</var>
<arg>ID=${book_id}</arg>
<doc>Creates and returns a dictionary based on the given ``items``.</doc>
<status status="PASS" start="2025-07-22T20:05:26.210974" elapsed="0.000000"/>
</kw>
<kw name="POST" owner="RequestsLibrary">
<msg time="2025-07-22T20:05:26.446624" level="INFO">POST Request : url=https://rahulshettyacademy.com/Library/DeleteBook.php 
 path_url=/Library/DeleteBook.php 
 headers={'User-Agent': 'python-requests/2.32.4', 'Accept-Encoding': 'gzip, deflate', 'Accept': '*/*', 'Connection': 'keep-alive', 'Content-Length': '24', 'Content-Type': 'application/json'} 
 body=b'{"ID": "12122112334567"}' 
 </msg>
<msg time="2025-07-22T20:05:26.446624" level="INFO">POST Response : url=https://rahulshettyacademy.com/Library/DeleteBook.php 
 status=200, reason=OK 
 headers={'Date': 'Tue, 22 Jul 2025 14:35:26 GMT', 'Server': 'Apache/2.4.52 (Ubuntu)', 'Access-Control-Allow-Origin': '*', 'Access-Control-Allow-Methods': 'POST', 'Access-Control-Max-Age': '3600', 'Access-Control-Allow-Headers': 'Content-Type, Access-Control-Allow-Headers, Authorization, X-Requested-With', 'Content-Length': '38', 'Keep-Alive': 'timeout=5, max=100', 'Connection': 'Keep-Alive', 'Content-Type': 'application/json;charset=UTF-8'} 
 body={"msg":"book is successfully deleted"} 
 </msg>
<msg time="2025-07-22T20:05:26.446624" level="INFO">${delete_response} = &lt;Response [200]&gt;</msg>
<var>${delete_response}</var>
<arg>${base_url}/Library/DeleteBook.php</arg>
<arg>json=${delete_req}</arg>
<arg>expected_status=200</arg>
<doc>Sends a POST request.</doc>
<status status="PASS" start="2025-07-22T20:05:26.210974" elapsed="0.235650"/>
</kw>
<kw name="Log" owner="BuiltIn">
<msg time="2025-07-22T20:05:26.446624" level="INFO">{'msg': 'book is successfully deleted'}</msg>
<arg>${delete_response.json()}</arg>
<doc>Logs the given message with the given level.</doc>
<status status="PASS" start="2025-07-22T20:05:26.446624" elapsed="0.000000"/>
</kw>
<kw name="Should Be Equal As Strings" owner="BuiltIn">
<arg>book is successfully deleted</arg>
<arg>${delete_response.json()}[msg]</arg>
<doc>Fails if objects are unequal after converting them to strings.</doc>
<status status="PASS" start="2025-07-22T20:05:26.446624" elapsed="0.000000"/>
</kw>
<status status="PASS" start="2025-07-22T20:05:26.210818" elapsed="0.235806"/>
</test>
<status status="PASS" start="2025-07-22T20:05:23.966310" elapsed="2.480314"/>
</suite>
<statistics>
<total>
<stat pass="4" fail="0" skip="0">All Tests</stat>
</total>
<tag>
</tag>
<suite>
<stat name="TestDemo6" id="s1" pass="4" fail="0" skip="0">TestDemo6</stat>
</suite>
</statistics>
<errors>
</errors>
</robot>
