<?xml version="1.0" encoding="UTF-8"?>
<robot generator="Robot 7.3.1 (Python 3.12.2 on win32)" generated="2025-06-23T18:07:32.001280" rpa="false" schemaversion="5">
<suite id="s1" name="Tests" source="C:\Users\916824\PycharmProjects\python-robot-framework\tests">
<suite id="s1-s1" name="TestDemo5" source="C:\Users\916824\PycharmProjects\python-robot-framework\tests\TestDemo5.robot">
<test id="s1-s1-t1" name="Invalid username" line="12">
<kw name="Validate UnSuccessful login">
<kw name="open the browser with the automation practice page url">
<kw name="Create Webdriver" owner="SeleniumLibrary">
<msg time="2025-06-23T18:07:39.301324" level="INFO">Creating an instance of the Chrome WebDriver.</msg>
<arg>Chrome</arg>
<doc>Creates an instance of Selenium WebDriver.</doc>
<status status="PASS" start="2025-06-23T18:07:39.300334" elapsed="8.366560"/>
</kw>
<kw name="Go To" owner="SeleniumLibrary">
<msg time="2025-06-23T18:07:47.676457" level="INFO">Opening url 'https://rahulshettyacademy.com/loginpagePractise/'</msg>
<arg>https://rahulshettyacademy.com/loginpagePractise/</arg>
<doc>Navigates the current browser window to the provided ``url``.</doc>
<status status="PASS" start="2025-06-23T18:07:47.666894" elapsed="11.401884"/>
</kw>
<status status="PASS" start="2025-06-23T18:07:39.298329" elapsed="19.771451"/>
</kw>
<kw name="fill the login form">
<kw name="Input Text" owner="SeleniumLibrary">
<msg time="2025-06-23T18:07:59.430068" level="INFO">Typing text 'autouser' into text field 'id:username'.</msg>
<arg>id:username</arg>
<arg>${userName}</arg>
<doc>Types the given ``text`` into the text field identified by ``locator``.</doc>
<status status="PASS" start="2025-06-23T18:07:59.428064" elapsed="3.024502"/>
</kw>
<kw name="Input Password" owner="SeleniumLibrary">
<msg time="2025-06-23T18:08:02.454563" level="INFO">Typing password into text field 'id:password'.</msg>
<msg time="2025-06-23T18:08:03.550013" level="INFO">Temporally setting log level to: NONE</msg>
<arg>id:password</arg>
<arg>${password}</arg>
<doc>Types the given password into the text field identified by ``locator``.</doc>
<status status="PASS" start="2025-06-23T18:08:02.453558" elapsed="1.633679"/>
</kw>
<kw name="Click Button" owner="SeleniumLibrary">
<msg time="2025-06-23T18:08:04.088241" level="INFO">Clicking button 'signInBtn'.</msg>
<arg>signInBtn</arg>
<doc>Clicks the button identified by ``locator``.</doc>
<status status="PASS" start="2025-06-23T18:08:04.087237" elapsed="0.473590"/>
</kw>
<arg>${username}</arg>
<arg>${password}</arg>
<status status="PASS" start="2025-06-23T18:07:59.069780" elapsed="5.491047"/>
</kw>
<kw name="wait until it checks and displays error message">
<kw name="Wait Until Element Is Visible" owner="SeleniumLibrary">
<arg>${alert}</arg>
<doc>Waits until the element ``locator`` is visible.</doc>
<status status="PASS" start="2025-06-23T18:08:04.562828" elapsed="2.348645"/>
</kw>
<status status="PASS" start="2025-06-23T18:08:04.560827" elapsed="2.351645"/>
</kw>
<kw name="verify error message is correct">
<kw name="Element Text Should Be" owner="SeleniumLibrary">
<msg time="2025-06-23T18:08:06.914494" level="INFO">Verifying element 'css:.alert-danger' contains exact text 'Incorrect username/password.'.</msg>
<arg>${alert}</arg>
<arg>Incorrect username/password.</arg>
<doc>Verifies that element ``locator`` contains exact the text ``expected``.</doc>
<status status="PASS" start="2025-06-23T18:08:06.913497" elapsed="0.129739"/>
</kw>
<status status="PASS" start="2025-06-23T18:08:06.912472" elapsed="0.131779"/>
</kw>
<arg>username=autouser</arg>
<arg>password=learning</arg>
<status status="PASS" start="2025-06-23T18:07:39.297326" elapsed="27.746925"/>
</kw>
<kw name="Close Browser" owner="SeleniumLibrary" type="TEARDOWN">
<doc>Closes the current browser.</doc>
<status status="PASS" start="2025-06-23T18:08:07.045250" elapsed="6.088605"/>
</kw>
<status status="PASS" start="2025-06-23T18:07:39.294786" elapsed="33.839069"/>
</test>
<test id="s1-s1-t2" name="Invalid password" line="12">
<kw name="Validate UnSuccessful login">
<kw name="open the browser with the automation practice page url">
<kw name="Create Webdriver" owner="SeleniumLibrary">
<msg time="2025-06-23T18:08:13.133855" level="INFO">Creating an instance of the Chrome WebDriver.</msg>
<arg>Chrome</arg>
<doc>Creates an instance of Selenium WebDriver.</doc>
<status status="PASS" start="2025-06-23T18:08:13.133855" elapsed="5.467919"/>
</kw>
<kw name="Go To" owner="SeleniumLibrary">
<msg time="2025-06-23T18:08:18.601774" level="INFO">Opening url 'https://rahulshettyacademy.com/loginpagePractise/'</msg>
<arg>https://rahulshettyacademy.com/loginpagePractise/</arg>
<doc>Navigates the current browser window to the provided ``url``.</doc>
<status status="PASS" start="2025-06-23T18:08:18.601774" elapsed="2.068174"/>
</kw>
<status status="PASS" start="2025-06-23T18:08:13.133855" elapsed="7.536093"/>
</kw>
<kw name="fill the login form">
<kw name="Input Text" owner="SeleniumLibrary">
<msg time="2025-06-23T18:08:20.672978" level="INFO">Typing text 'rahulshettyacademy' into text field 'id:username'.</msg>
<arg>id:username</arg>
<arg>${userName}</arg>
<doc>Types the given ``text`` into the text field identified by ``locator``.</doc>
<status status="PASS" start="2025-06-23T18:08:20.671982" elapsed="2.025471"/>
</kw>
<kw name="Input Password" owner="SeleniumLibrary">
<msg time="2025-06-23T18:08:22.701445" level="INFO">Typing password into text field 'id:password'.</msg>
<msg time="2025-06-23T18:08:22.961365" level="INFO">Temporally setting log level to: NONE</msg>
<arg>id:password</arg>
<arg>${password}</arg>
<doc>Types the given password into the text field identified by ``locator``.</doc>
<status status="PASS" start="2025-06-23T18:08:22.698449" elapsed="0.421927"/>
</kw>
<kw name="Click Button" owner="SeleniumLibrary">
<msg time="2025-06-23T18:08:23.122375" level="INFO">Clicking button 'signInBtn'.</msg>
<arg>signInBtn</arg>
<doc>Clicks the button identified by ``locator``.</doc>
<status status="PASS" start="2025-06-23T18:08:23.121375" elapsed="0.264911"/>
</kw>
<arg>${username}</arg>
<arg>${password}</arg>
<status status="PASS" start="2025-06-23T18:08:20.670976" elapsed="2.715310"/>
</kw>
<kw name="wait until it checks and displays error message">
<kw name="Wait Until Element Is Visible" owner="SeleniumLibrary">
<arg>${alert}</arg>
<doc>Waits until the element ``locator`` is visible.</doc>
<status status="PASS" start="2025-06-23T18:08:23.394283" elapsed="2.375170"/>
</kw>
<status status="PASS" start="2025-06-23T18:08:23.387293" elapsed="2.382160"/>
</kw>
<kw name="verify error message is correct">
<kw name="Element Text Should Be" owner="SeleniumLibrary">
<msg time="2025-06-23T18:08:25.772460" level="INFO">Verifying element 'css:.alert-danger' contains exact text 'Incorrect username/password.'.</msg>
<arg>${alert}</arg>
<arg>Incorrect username/password.</arg>
<doc>Verifies that element ``locator`` contains exact the text ``expected``.</doc>
<status status="PASS" start="2025-06-23T18:08:25.771468" elapsed="1.632264"/>
</kw>
<status status="PASS" start="2025-06-23T18:08:25.769453" elapsed="1.634279"/>
</kw>
<arg>username=rahulshettyacademy</arg>
<arg>password=test123</arg>
<status status="PASS" start="2025-06-23T18:08:13.133855" elapsed="14.270875"/>
</kw>
<kw name="Close Browser" owner="SeleniumLibrary" type="TEARDOWN">
<doc>Closes the current browser.</doc>
<status status="PASS" start="2025-06-23T18:08:27.404730" elapsed="10.238341"/>
</kw>
<status status="PASS" start="2025-06-23T18:08:13.133855" elapsed="24.509216"/>
</test>
<test id="s1-s1-t3" name="Special Characters" line="12">
<kw name="Validate UnSuccessful login">
<kw name="open the browser with the automation practice page url">
<kw name="Create Webdriver" owner="SeleniumLibrary">
<msg time="2025-06-23T18:08:37.652670" level="INFO">Creating an instance of the Chrome WebDriver.</msg>
<arg>Chrome</arg>
<doc>Creates an instance of Selenium WebDriver.</doc>
<status status="PASS" start="2025-06-23T18:08:37.651626" elapsed="4.604440"/>
</kw>
<kw name="Go To" owner="SeleniumLibrary">
<msg time="2025-06-23T18:08:42.257082" level="INFO">Opening url 'https://rahulshettyacademy.com/loginpagePractise/'</msg>
<arg>https://rahulshettyacademy.com/loginpagePractise/</arg>
<doc>Navigates the current browser window to the provided ``url``.</doc>
<status status="PASS" start="2025-06-23T18:08:42.256066" elapsed="1.834706"/>
</kw>
<status status="PASS" start="2025-06-23T18:08:37.651626" elapsed="6.439146"/>
</kw>
<kw name="fill the login form">
<kw name="Input Text" owner="SeleniumLibrary">
<msg time="2025-06-23T18:08:44.094317" level="INFO">Typing text '$#@' into text field 'id:username'.</msg>
<arg>id:username</arg>
<arg>${userName}</arg>
<doc>Types the given ``text`` into the text field identified by ``locator``.</doc>
<status status="PASS" start="2025-06-23T18:08:44.092417" elapsed="0.668304"/>
</kw>
<kw name="Input Password" owner="SeleniumLibrary">
<msg time="2025-06-23T18:08:44.762817" level="INFO">Typing password into text field 'id:password'.</msg>
<msg time="2025-06-23T18:08:44.994192" level="INFO">Temporally setting log level to: NONE</msg>
<arg>id:password</arg>
<arg>${password}</arg>
<doc>Types the given password into the text field identified by ``locator``.</doc>
<status status="PASS" start="2025-06-23T18:08:44.761282" elapsed="0.448418"/>
</kw>
<kw name="Click Button" owner="SeleniumLibrary">
<msg time="2025-06-23T18:08:45.209700" level="INFO">Clicking button 'signInBtn'.</msg>
<arg>signInBtn</arg>
<doc>Clicks the button identified by ``locator``.</doc>
<status status="PASS" start="2025-06-23T18:08:45.209700" elapsed="0.202387"/>
</kw>
<arg>${username}</arg>
<arg>${password}</arg>
<status status="PASS" start="2025-06-23T18:08:44.090772" elapsed="1.321315"/>
</kw>
<kw name="wait until it checks and displays error message">
<kw name="Wait Until Element Is Visible" owner="SeleniumLibrary">
<arg>${alert}</arg>
<doc>Waits until the element ``locator`` is visible.</doc>
<status status="PASS" start="2025-06-23T18:08:45.415688" elapsed="2.125831"/>
</kw>
<status status="PASS" start="2025-06-23T18:08:45.412087" elapsed="2.129432"/>
</kw>
<kw name="verify error message is correct">
<kw name="Element Text Should Be" owner="SeleniumLibrary">
<msg time="2025-06-23T18:08:47.541519" level="INFO">Verifying element 'css:.alert-danger' contains exact text 'Incorrect username/password.'.</msg>
<arg>${alert}</arg>
<arg>Incorrect username/password.</arg>
<doc>Verifies that element ``locator`` contains exact the text ``expected``.</doc>
<status status="PASS" start="2025-06-23T18:08:47.541519" elapsed="0.057216"/>
</kw>
<status status="PASS" start="2025-06-23T18:08:47.541519" elapsed="0.058237"/>
</kw>
<arg>username=$#@</arg>
<arg>password=learning</arg>
<status status="PASS" start="2025-06-23T18:08:37.646105" elapsed="9.953795"/>
</kw>
<kw name="Close Browser" owner="SeleniumLibrary" type="TEARDOWN">
<doc>Closes the current browser.</doc>
<status status="PASS" start="2025-06-23T18:08:47.599900" elapsed="6.342285"/>
</kw>
<status status="PASS" start="2025-06-23T18:08:37.644085" elapsed="16.298100"/>
</test>
<test id="s1-s1-t4" name="Login with user 1234 and password 4321" line="12">
<kw name="Validate UnSuccessful login">
<kw name="open the browser with the automation practice page url">
<kw name="Create Webdriver" owner="SeleniumLibrary">
<msg time="2025-06-23T18:08:53.942185" level="INFO">Creating an instance of the Chrome WebDriver.</msg>
<arg>Chrome</arg>
<doc>Creates an instance of Selenium WebDriver.</doc>
<status status="PASS" start="2025-06-23T18:08:53.942185" elapsed="4.318413"/>
</kw>
<kw name="Go To" owner="SeleniumLibrary">
<msg time="2025-06-23T18:08:58.261590" level="INFO">Opening url 'https://rahulshettyacademy.com/loginpagePractise/'</msg>
<arg>https://rahulshettyacademy.com/loginpagePractise/</arg>
<doc>Navigates the current browser window to the provided ``url``.</doc>
<status status="PASS" start="2025-06-23T18:08:58.260598" elapsed="0.519787"/>
</kw>
<status status="PASS" start="2025-06-23T18:08:53.942185" elapsed="4.838200"/>
</kw>
<kw name="fill the login form">
<kw name="Input Text" owner="SeleniumLibrary">
<msg time="2025-06-23T18:08:58.783384" level="INFO">Typing text '1234' into text field 'id:username'.</msg>
<msg time="2025-06-23T18:09:00.062894" level="INFO" html="true">&lt;/td&gt;&lt;/tr&gt;&lt;tr&gt;&lt;td colspan="3"&gt;&lt;a href="selenium-screenshot-1.png"&gt;&lt;img src="selenium-screenshot-1.png" width="800px"&gt;&lt;/a&gt;</msg>
<msg time="2025-06-23T18:09:00.062894" level="FAIL">Element with locator 'id:username' not found.</msg>
<arg>id:username</arg>
<arg>${userName}</arg>
<doc>Types the given ``text`` into the text field identified by ``locator``.</doc>
<status status="FAIL" start="2025-06-23T18:08:58.782384" elapsed="1.493079">Element with locator 'id:username' not found.</status>
</kw>
<kw name="Input Password" owner="SeleniumLibrary">
<arg>id:password</arg>
<arg>${password}</arg>
<doc>Types the given password into the text field identified by ``locator``.</doc>
<status status="NOT RUN" start="2025-06-23T18:09:00.276723" elapsed="0.001003"/>
</kw>
<kw name="Click Button" owner="SeleniumLibrary">
<arg>signInBtn</arg>
<doc>Clicks the button identified by ``locator``.</doc>
<status status="NOT RUN" start="2025-06-23T18:09:00.277726" elapsed="0.000991"/>
</kw>
<arg>${username}</arg>
<arg>${password}</arg>
<status status="FAIL" start="2025-06-23T18:08:58.781384" elapsed="1.497333">Element with locator 'id:username' not found.</status>
</kw>
<kw name="wait until it checks and displays error message">
<status status="NOT RUN" start="2025-06-23T18:09:00.279719" elapsed="0.000000"/>
</kw>
<kw name="verify error message is correct">
<status status="NOT RUN" start="2025-06-23T18:09:00.280721" elapsed="0.000000"/>
</kw>
<arg>username=1234</arg>
<arg>password=4321</arg>
<status status="FAIL" start="2025-06-23T18:08:53.942185" elapsed="6.338536">Element with locator 'id:username' not found.</status>
</kw>
<kw name="Close Browser" owner="SeleniumLibrary" type="TEARDOWN">
<doc>Closes the current browser.</doc>
<status status="PASS" start="2025-06-23T18:09:00.281719" elapsed="5.083985"/>
</kw>
<status status="FAIL" start="2025-06-23T18:08:53.942185" elapsed="11.424505">Element with locator 'id:username' not found.</status>
</test>
<doc>To validate the login form</doc>
<status status="FAIL" start="2025-06-23T18:07:32.232685" elapsed="93.134005"/>
</suite>
<status status="FAIL" start="2025-06-23T18:07:32.175905" elapsed="93.192769"/>
</suite>
<statistics>
<total>
<stat pass="3" fail="1" skip="0">All Tests</stat>
</total>
<tag>
</tag>
<suite>
<stat name="Tests" id="s1" pass="3" fail="1" skip="0">Tests</stat>
<stat name="TestDemo5" id="s1-s1" pass="3" fail="1" skip="0">Tests.TestDemo5</stat>
</suite>
</statistics>
<errors>
</errors>
</robot>
